INFO [2025-07-28 13:27:11] $x
INFO [2025-07-28 13:27:11] sets
INFO [2025-07-28 13:27:11] 
INFO [2025-07-28 13:27:11] $category.names
INFO [2025-07-28 13:27:11] c("VFs", "AMR", "MGEs")
INFO [2025-07-28 13:27:11] 
INFO [2025-07-28 13:27:11] $fill
INFO [2025-07-28 13:27:11] c(vfdb = "#EEAD0EFF", card = "#CD3333FF", plasmidfinder = "blue")
INFO [2025-07-28 13:27:11] 
INFO [2025-07-28 13:27:11] $alpha
INFO [2025-07-28 13:27:11] [1] 0.5
INFO [2025-07-28 13:27:11] 
INFO [2025-07-28 13:27:11] $height
INFO [2025-07-28 13:27:11] [1] 50
INFO [2025-07-28 13:27:11] 
INFO [2025-07-28 13:27:11] $width
INFO [2025-07-28 13:27:11] [1] 50
INFO [2025-07-28 13:27:11] 
INFO [2025-07-28 13:27:11] $filename
INFO [2025-07-28 13:27:11] NULL
INFO [2025-07-28 13:27:11] 
INFO [2025-07-28 13:27:11] $cat.cex
INFO [2025-07-28 13:27:11] [1] 1.5
INFO [2025-07-28 13:27:11] 
INFO [2025-07-28 13:27:11] $cex
INFO [2025-07-28 13:27:11] [1] 2
INFO [2025-07-28 13:27:11] 
