INFO [2025-07-28 13:26:56] $x
INFO [2025-07-28 13:26:56] sets
INFO [2025-07-28 13:26:56] 
INFO [2025-07-28 13:26:56] $category.names
INFO [2025-07-28 13:26:56] c("Wheat soyabean", "Seaweed", "Soyabean meal")
INFO [2025-07-28 13:26:56] 
INFO [2025-07-28 13:26:56] $fill
INFO [2025-07-28 13:26:56] c(Wheat_soyabean = "#c2320e", Seaweed = "#04540a", Soyabean_meal = "#c2980e")
INFO [2025-07-28 13:26:56] 
INFO [2025-07-28 13:26:56] $alpha
INFO [2025-07-28 13:26:56] [1] 0.3
INFO [2025-07-28 13:26:56] 
INFO [2025-07-28 13:26:56] $height
INFO [2025-07-28 13:26:56] [1] 50
INFO [2025-07-28 13:26:56] 
INFO [2025-07-28 13:26:56] $width
INFO [2025-07-28 13:26:56] [1] 50
INFO [2025-07-28 13:26:56] 
INFO [2025-07-28 13:26:56] $filename
INFO [2025-07-28 13:26:56] NULL
INFO [2025-07-28 13:26:56] 
INFO [2025-07-28 13:26:56] $cat.cex
INFO [2025-07-28 13:26:56] [1] 1.2
INFO [2025-07-28 13:26:56] 
INFO [2025-07-28 13:26:56] $cex
INFO [2025-07-28 13:26:56] [1] 2
INFO [2025-07-28 13:26:56] 
